<?xml version="1.0" encoding="UTF-8"?>
<!-- Generated by org.testng.reporters.JUnitXMLReporter -->
<testsuite hostname="arsalan-VirtualBox" name="Title" tests="1" failures="1" timestamp="24 Jul 2017 21:42:23 GMT" time="12.547" errors="0">
  <testcase name="validateAppTitle" time="2.677" classname="automationtesting.validateTitle">
    <failure type="java.lang.AssertionError" message="expected [DIGITAL MANUFACTURIhNG COMMONS] but found [DIGITAL MANUFACTURING COMMONS]">
      <![CDATA[java.lang.AssertionError: expected [DIGITAL MANUFACTURIhNG COMMONS] but found [DIGITAL MANUFACTURING COMMONS]
	at automationtesting.validateTitle.validateAppTitle(validateTitle.java:37)
... Removed 29 stack frames]]>
    </failure>
  </testcase> <!-- validateAppTitle -->
</testsuite> <!-- Title -->
