<?xml version="1.0" encoding="UTF-8"?>
<testng-results skipped="0" failed="0" total="1" passed="1">
  <reporter-output>
  </reporter-output>
  <suite name="Default suite" duration-ms="18994" started-at="2017-08-23T15:49:42Z" finished-at="2017-08-23T15:50:01Z">
    <groups>
    </groups>
    <test name="Default test" duration-ms="18994" started-at="2017-08-23T15:49:42Z" finished-at="2017-08-23T15:50:01Z">
      <class name="automationtesting.aboutDMC">
        <test-method status="PASS" signature="initialize()[pri:0, instance:automationtesting.aboutDMC@7a675056]" name="initialize" is-config="true" duration-ms="11591" started-at="2017-08-23T10:49:42Z" finished-at="2017-08-23T10:49:54Z">
          <reporter-output>
          </reporter-output>
        </test-method> <!-- initialize -->
        <test-method status="PASS" signature="aboutDMCTest()[pri:0, instance:automationtesting.aboutDMC@7a675056]" name="aboutDMCTest" duration-ms="7265" started-at="2017-08-23T10:49:54Z" finished-at="2017-08-23T10:50:01Z">
          <reporter-output>
          </reporter-output>
        </test-method> <!-- aboutDMCTest -->
        <test-method status="PASS" signature="teardown()[pri:0, instance:automationtesting.aboutDMC@7a675056]" name="teardown" is-config="true" duration-ms="98" started-at="2017-08-23T10:50:01Z" finished-at="2017-08-23T10:50:01Z">
          <reporter-output>
          </reporter-output>
        </test-method> <!-- teardown -->
      </class> <!-- automationtesting.aboutDMC -->
    </test> <!-- Default test -->
  </suite> <!-- Default suite -->
</testng-results>
