<?xml version="1.0" encoding="UTF-8"?>
<!-- Generated by org.testng.reporters.JUnitXMLReporter -->
<testsuite hostname="arsalan-VirtualBox" ignored="0" name="Validate Title" tests="1" failures="1" timestamp="16 Jul 2017 03:40:48 GMT" time="17.168" errors="0">
  <testcase name="validateAppTitle" time="8.232" classname="Qatests.validateTitle">
    <failure type="java.lang.AssertionError" message="expected [FEATURE5D COURSES] but found [FEATURED COURSES]">
      <![CDATA[java.lang.AssertionError: expected [FEATURE5D COURSES] but found [FEATURED COURSES]
	at Qatests.validateTitle.validateAppTitle(validateTitle.java:42)
... Removed 31 stack frames]]>
    </failure>
  </testcase> <!-- validateAppTitle -->
</testsuite> <!-- Validate Title -->
